<?xml version="1.0" encoding="UTF-8"?>
<!-- Generated by org.testng.reporters.JUnitReportReporter -->
<testsuite hostname="DESKTOP-3KVDAHT" failures="0" tests="1" name="HTML" time="0.007" errors="0" timestamp="2023-03-18T11:03:39 PDT" skipped="0">
  <testcase classname="HTML" name="aa" time="0.007"/>
  <system-out/>
</testsuite> <!-- HTML -->
